[0.067s] DEBUG:colcon:Command line arguments: ['/usr/bin/colcon', 'build']
[0.067s] DEBUG:colcon:Parsed command line arguments: Namespace(log_base=None, log_level=None, verb_name='build', build_base='build', install_base='install', merge_install=False, symlink_install=False, test_result_base=None, continue_on_error=False, executor='parallel', parallel_workers=16, event_handlers=None, ignore_user_meta=False, metas=['./colcon.meta'], base_paths=['.'], packages_ignore=None, packages_ignore_regex=None, paths=None, packages_up_to=None, packages_up_to_regex=None, packages_above=None, packages_above_and_dependencies=None, packages_above_depth=None, packages_select_by_dep=None, packages_skip_by_dep=None, packages_skip_up_to=None, packages_select_build_failed=False, packages_skip_build_finished=False, packages_select_test_failures=False, packages_skip_test_passed=False, packages_select=None, packages_skip=None, packages_select_regex=None, packages_skip_regex=None, packages_start=None, packages_end=None, allow_overriding=[], cmake_args=None, cmake_target=None, cmake_target_skip_unavailable=False, cmake_clean_cache=False, cmake_clean_first=False, cmake_force_configure=False, ament_cmake_args=None, catkin_cmake_args=None, catkin_skip_building_tests=False, mixin_files=None, mixin=None, verb_parser=<colcon_mixin.mixin.mixin_argument.MixinArgumentDecorator object at 0x79c90d7071f0>, verb_extension=<colcon_core.verb.build.BuildVerb object at 0x79c90d706ce0>, main=<bound method BuildVerb.main of <colcon_core.verb.build.BuildVerb object at 0x79c90d706ce0>>, mixin_verb=('build',))
[0.167s] Level 1:colcon.colcon_core.package_discovery:discover_packages(colcon_meta) check parameters
[0.167s] Level 1:colcon.colcon_core.package_discovery:discover_packages(recursive) check parameters
[0.167s] Level 1:colcon.colcon_core.package_discovery:discover_packages(ignore) check parameters
[0.167s] Level 1:colcon.colcon_core.package_discovery:discover_packages(path) check parameters
[0.167s] Level 1:colcon.colcon_core.package_discovery:discover_packages(colcon_meta) discover
[0.167s] Level 1:colcon.colcon_core.package_discovery:discover_packages(recursive) discover
[0.167s] INFO:colcon.colcon_core.package_discovery:Crawling recursively for packages in '/home/caesar/motion_planning_ws/src/hw_1'
[0.168s] Level 1:colcon.colcon_core.package_identification:_identify(.) by extensions ['ignore', 'ignore_ament_install']
[0.168s] Level 1:colcon.colcon_core.package_identification:_identify(.) by extension 'ignore'
[0.168s] Level 1:colcon.colcon_core.package_identification:_identify(.) by extension 'ignore_ament_install'
[0.168s] Level 1:colcon.colcon_core.package_identification:_identify(.) by extensions ['colcon_pkg']
[0.168s] Level 1:colcon.colcon_core.package_identification:_identify(.) by extension 'colcon_pkg'
[0.168s] Level 1:colcon.colcon_core.package_identification:_identify(.) by extensions ['colcon_meta']
[0.168s] Level 1:colcon.colcon_core.package_identification:_identify(.) by extension 'colcon_meta'
[0.168s] Level 1:colcon.colcon_core.package_identification:_identify(.) by extensions ['ros']
[0.168s] Level 1:colcon.colcon_core.package_identification:_identify(.) by extension 'ros'
[0.175s] Level 1:colcon.colcon_core.package_identification:_identify(.) by extensions ['cmake', 'python']
[0.175s] Level 1:colcon.colcon_core.package_identification:_identify(.) by extension 'cmake'
[0.175s] Level 1:colcon.colcon_core.package_identification:_identify(.) by extension 'python'
[0.175s] Level 1:colcon.colcon_core.package_identification:_identify(.) by extensions ['python_setup_py']
[0.175s] Level 1:colcon.colcon_core.package_identification:_identify(.) by extension 'python_setup_py'
[0.175s] Level 1:colcon.colcon_core.package_identification:_identify(build) by extensions ['ignore', 'ignore_ament_install']
[0.175s] Level 1:colcon.colcon_core.package_identification:_identify(build) by extension 'ignore'
[0.175s] Level 1:colcon.colcon_core.package_identification:_identify(build) ignored
[0.175s] Level 1:colcon.colcon_core.package_identification:_identify(install) by extensions ['ignore', 'ignore_ament_install']
[0.175s] Level 1:colcon.colcon_core.package_identification:_identify(install) by extension 'ignore'
[0.175s] Level 1:colcon.colcon_core.package_identification:_identify(install) ignored
[0.175s] Level 1:colcon.colcon_core.package_identification:_identify(log) by extensions ['ignore', 'ignore_ament_install']
[0.175s] Level 1:colcon.colcon_core.package_identification:_identify(log) by extension 'ignore'
[0.175s] Level 1:colcon.colcon_core.package_identification:_identify(log) ignored
[0.175s] Level 1:colcon.colcon_core.package_identification:_identify(src) by extensions ['ignore', 'ignore_ament_install']
[0.175s] Level 1:colcon.colcon_core.package_identification:_identify(src) by extension 'ignore'
[0.175s] Level 1:colcon.colcon_core.package_identification:_identify(src) by extension 'ignore_ament_install'
[0.175s] Level 1:colcon.colcon_core.package_identification:_identify(src) by extensions ['colcon_pkg']
[0.175s] Level 1:colcon.colcon_core.package_identification:_identify(src) by extension 'colcon_pkg'
[0.175s] Level 1:colcon.colcon_core.package_identification:_identify(src) by extensions ['colcon_meta']
[0.175s] Level 1:colcon.colcon_core.package_identification:_identify(src) by extension 'colcon_meta'
[0.175s] Level 1:colcon.colcon_core.package_identification:_identify(src) by extensions ['ros']
[0.175s] Level 1:colcon.colcon_core.package_identification:_identify(src) by extension 'ros'
[0.176s] Level 1:colcon.colcon_core.package_identification:_identify(src) by extensions ['cmake', 'python']
[0.176s] Level 1:colcon.colcon_core.package_identification:_identify(src) by extension 'cmake'
[0.176s] Level 1:colcon.colcon_core.package_identification:_identify(src) by extension 'python'
[0.176s] Level 1:colcon.colcon_core.package_identification:_identify(src) by extensions ['python_setup_py']
[0.176s] Level 1:colcon.colcon_core.package_identification:_identify(src) by extension 'python_setup_py'
[0.176s] Level 1:colcon.colcon_core.package_identification:_identify(src/grid_path_searcher) by extensions ['ignore', 'ignore_ament_install']
[0.176s] Level 1:colcon.colcon_core.package_identification:_identify(src/grid_path_searcher) by extension 'ignore'
[0.176s] Level 1:colcon.colcon_core.package_identification:_identify(src/grid_path_searcher) by extension 'ignore_ament_install'
[0.176s] Level 1:colcon.colcon_core.package_identification:_identify(src/grid_path_searcher) by extensions ['colcon_pkg']
[0.176s] Level 1:colcon.colcon_core.package_identification:_identify(src/grid_path_searcher) by extension 'colcon_pkg'
[0.176s] Level 1:colcon.colcon_core.package_identification:_identify(src/grid_path_searcher) by extensions ['colcon_meta']
[0.176s] Level 1:colcon.colcon_core.package_identification:_identify(src/grid_path_searcher) by extension 'colcon_meta'
[0.176s] Level 1:colcon.colcon_core.package_identification:_identify(src/grid_path_searcher) by extensions ['ros']
[0.176s] Level 1:colcon.colcon_core.package_identification:_identify(src/grid_path_searcher) by extension 'ros'
[0.178s] DEBUG:colcon.colcon_core.package_identification:Package 'src/grid_path_searcher' with type 'ros.ament_cmake' and name 'grid_path_searcher'
[0.178s] Level 1:colcon.colcon_core.package_identification:_identify(src/rviz_plugins) by extensions ['ignore', 'ignore_ament_install']
[0.178s] Level 1:colcon.colcon_core.package_identification:_identify(src/rviz_plugins) by extension 'ignore'
[0.178s] Level 1:colcon.colcon_core.package_identification:_identify(src/rviz_plugins) by extension 'ignore_ament_install'
[0.178s] Level 1:colcon.colcon_core.package_identification:_identify(src/rviz_plugins) by extensions ['colcon_pkg']
[0.178s] Level 1:colcon.colcon_core.package_identification:_identify(src/rviz_plugins) by extension 'colcon_pkg'
[0.178s] Level 1:colcon.colcon_core.package_identification:_identify(src/rviz_plugins) by extensions ['colcon_meta']
[0.178s] Level 1:colcon.colcon_core.package_identification:_identify(src/rviz_plugins) by extension 'colcon_meta'
[0.178s] Level 1:colcon.colcon_core.package_identification:_identify(src/rviz_plugins) by extensions ['ros']
[0.178s] Level 1:colcon.colcon_core.package_identification:_identify(src/rviz_plugins) by extension 'ros'
[0.179s] DEBUG:colcon.colcon_core.package_identification:Package 'src/rviz_plugins' with type 'ros.ament_cmake' and name 'rviz_plugins'
[0.179s] Level 1:colcon.colcon_core.package_identification:_identify(src/waypoint_generator) by extensions ['ignore', 'ignore_ament_install']
[0.179s] Level 1:colcon.colcon_core.package_identification:_identify(src/waypoint_generator) by extension 'ignore'
[0.179s] Level 1:colcon.colcon_core.package_identification:_identify(src/waypoint_generator) by extension 'ignore_ament_install'
[0.179s] Level 1:colcon.colcon_core.package_identification:_identify(src/waypoint_generator) by extensions ['colcon_pkg']
[0.179s] Level 1:colcon.colcon_core.package_identification:_identify(src/waypoint_generator) by extension 'colcon_pkg'
[0.179s] Level 1:colcon.colcon_core.package_identification:_identify(src/waypoint_generator) by extensions ['colcon_meta']
[0.179s] Level 1:colcon.colcon_core.package_identification:_identify(src/waypoint_generator) by extension 'colcon_meta'
[0.179s] Level 1:colcon.colcon_core.package_identification:_identify(src/waypoint_generator) by extensions ['ros']
[0.179s] Level 1:colcon.colcon_core.package_identification:_identify(src/waypoint_generator) by extension 'ros'
[0.179s] DEBUG:colcon.colcon_core.package_identification:Package 'src/waypoint_generator' with type 'ros.ament_cmake' and name 'waypoint_generator'
[0.179s] Level 1:colcon.colcon_core.package_discovery:discover_packages(recursive) using defaults
[0.179s] Level 1:colcon.colcon_core.package_discovery:discover_packages(ignore) discover
[0.179s] Level 1:colcon.colcon_core.package_discovery:discover_packages(ignore) using defaults
[0.179s] Level 1:colcon.colcon_core.package_discovery:discover_packages(path) discover
[0.179s] Level 1:colcon.colcon_core.package_discovery:discover_packages(path) using defaults
[0.198s] Level 1:colcon.colcon_core.package_discovery:discover_packages(prefix_path) check parameters
[0.198s] Level 1:colcon.colcon_core.package_discovery:discover_packages(prefix_path) discover
[0.198s] WARNING:colcon.colcon_ros.prefix_path.ament:The path '/home/caesar/motion_planning_ws/src/hw_1/install/waypoint_generator' in the environment variable AMENT_PREFIX_PATH doesn't exist
[0.198s] WARNING:colcon.colcon_ros.prefix_path.ament:The path '/home/caesar/motion_planning_ws/src/hw_1/install/rviz_plugins' in the environment variable AMENT_PREFIX_PATH doesn't exist
[0.198s] WARNING:colcon.colcon_ros.prefix_path.ament:The path '/home/caesar/motion_planning_ws/src/hw_1/install/grid_path_searcher' in the environment variable AMENT_PREFIX_PATH doesn't exist
[0.199s] WARNING:colcon.colcon_ros.prefix_path.catkin:The path '/home/caesar/motion_planning_ws/src/hw_1/install/waypoint_generator' in the environment variable CMAKE_PREFIX_PATH doesn't exist
[0.199s] WARNING:colcon.colcon_ros.prefix_path.catkin:The path '/home/caesar/motion_planning_ws/src/hw_1/install/rviz_plugins' in the environment variable CMAKE_PREFIX_PATH doesn't exist
[0.199s] WARNING:colcon.colcon_ros.prefix_path.catkin:The path '/home/caesar/motion_planning_ws/src/hw_1/install/grid_path_searcher' in the environment variable CMAKE_PREFIX_PATH doesn't exist
[0.199s] DEBUG:colcon.colcon_installed_package_information.package_discovery:Found 0 installed packages in /home/caesar/motion_planning_ws/src/hw_1/install
[0.199s] DEBUG:colcon.colcon_installed_package_information.package_discovery:Found 1 installed packages in /home/caesar/apriltag_ws/install
[0.200s] DEBUG:colcon.colcon_installed_package_information.package_discovery:Found 9 installed packages in /home/caesar/ros2_ws/install
[0.200s] DEBUG:colcon.colcon_installed_package_information.package_discovery:Found 1 installed packages in /home/caesar/rx150_ws/install
[0.200s] DEBUG:colcon.colcon_installed_package_information.package_discovery:Found 9 installed packages in /home/caesar/winter2024/install
[0.201s] DEBUG:colcon.colcon_installed_package_information.package_discovery:Found 437 installed packages in /opt/ros/humble
[0.203s] Level 1:colcon.colcon_core.package_discovery:discover_packages(prefix_path) using defaults
[0.233s] Level 5:colcon.colcon_core.verb:set package 'grid_path_searcher' build argument 'cmake_args' from command line to 'None'
[0.233s] Level 5:colcon.colcon_core.verb:set package 'grid_path_searcher' build argument 'cmake_target' from command line to 'None'
[0.233s] Level 5:colcon.colcon_core.verb:set package 'grid_path_searcher' build argument 'cmake_target_skip_unavailable' from command line to 'False'
[0.233s] Level 5:colcon.colcon_core.verb:set package 'grid_path_searcher' build argument 'cmake_clean_cache' from command line to 'False'
[0.233s] Level 5:colcon.colcon_core.verb:set package 'grid_path_searcher' build argument 'cmake_clean_first' from command line to 'False'
[0.233s] Level 5:colcon.colcon_core.verb:set package 'grid_path_searcher' build argument 'cmake_force_configure' from command line to 'False'
[0.233s] Level 5:colcon.colcon_core.verb:set package 'grid_path_searcher' build argument 'ament_cmake_args' from command line to 'None'
[0.233s] Level 5:colcon.colcon_core.verb:set package 'grid_path_searcher' build argument 'catkin_cmake_args' from command line to 'None'
[0.233s] Level 5:colcon.colcon_core.verb:set package 'grid_path_searcher' build argument 'catkin_skip_building_tests' from command line to 'False'
[0.233s] DEBUG:colcon.colcon_core.verb:Building package 'grid_path_searcher' with the following arguments: {'ament_cmake_args': None, 'build_base': '/home/caesar/motion_planning_ws/src/hw_1/build/grid_path_searcher', 'catkin_cmake_args': None, 'catkin_skip_building_tests': False, 'cmake_args': None, 'cmake_clean_cache': False, 'cmake_clean_first': False, 'cmake_force_configure': False, 'cmake_target': None, 'cmake_target_skip_unavailable': False, 'install_base': '/home/caesar/motion_planning_ws/src/hw_1/install/grid_path_searcher', 'merge_install': False, 'path': '/home/caesar/motion_planning_ws/src/hw_1/src/grid_path_searcher', 'symlink_install': False, 'test_result_base': None}
[0.234s] Level 5:colcon.colcon_core.verb:set package 'rviz_plugins' build argument 'cmake_args' from command line to 'None'
[0.234s] Level 5:colcon.colcon_core.verb:set package 'rviz_plugins' build argument 'cmake_target' from command line to 'None'
[0.234s] Level 5:colcon.colcon_core.verb:set package 'rviz_plugins' build argument 'cmake_target_skip_unavailable' from command line to 'False'
[0.234s] Level 5:colcon.colcon_core.verb:set package 'rviz_plugins' build argument 'cmake_clean_cache' from command line to 'False'
[0.234s] Level 5:colcon.colcon_core.verb:set package 'rviz_plugins' build argument 'cmake_clean_first' from command line to 'False'
[0.234s] Level 5:colcon.colcon_core.verb:set package 'rviz_plugins' build argument 'cmake_force_configure' from command line to 'False'
[0.234s] Level 5:colcon.colcon_core.verb:set package 'rviz_plugins' build argument 'ament_cmake_args' from command line to 'None'
[0.234s] Level 5:colcon.colcon_core.verb:set package 'rviz_plugins' build argument 'catkin_cmake_args' from command line to 'None'
[0.234s] Level 5:colcon.colcon_core.verb:set package 'rviz_plugins' build argument 'catkin_skip_building_tests' from command line to 'False'
[0.234s] DEBUG:colcon.colcon_core.verb:Building package 'rviz_plugins' with the following arguments: {'ament_cmake_args': None, 'build_base': '/home/caesar/motion_planning_ws/src/hw_1/build/rviz_plugins', 'catkin_cmake_args': None, 'catkin_skip_building_tests': False, 'cmake_args': None, 'cmake_clean_cache': False, 'cmake_clean_first': False, 'cmake_force_configure': False, 'cmake_target': None, 'cmake_target_skip_unavailable': False, 'install_base': '/home/caesar/motion_planning_ws/src/hw_1/install/rviz_plugins', 'merge_install': False, 'path': '/home/caesar/motion_planning_ws/src/hw_1/src/rviz_plugins', 'symlink_install': False, 'test_result_base': None}
[0.234s] Level 5:colcon.colcon_core.verb:set package 'waypoint_generator' build argument 'cmake_args' from command line to 'None'
[0.234s] Level 5:colcon.colcon_core.verb:set package 'waypoint_generator' build argument 'cmake_target' from command line to 'None'
[0.234s] Level 5:colcon.colcon_core.verb:set package 'waypoint_generator' build argument 'cmake_target_skip_unavailable' from command line to 'False'
[0.234s] Level 5:colcon.colcon_core.verb:set package 'waypoint_generator' build argument 'cmake_clean_cache' from command line to 'False'
[0.234s] Level 5:colcon.colcon_core.verb:set package 'waypoint_generator' build argument 'cmake_clean_first' from command line to 'False'
[0.234s] Level 5:colcon.colcon_core.verb:set package 'waypoint_generator' build argument 'cmake_force_configure' from command line to 'False'
[0.234s] Level 5:colcon.colcon_core.verb:set package 'waypoint_generator' build argument 'ament_cmake_args' from command line to 'None'
[0.234s] Level 5:colcon.colcon_core.verb:set package 'waypoint_generator' build argument 'catkin_cmake_args' from command line to 'None'
[0.234s] Level 5:colcon.colcon_core.verb:set package 'waypoint_generator' build argument 'catkin_skip_building_tests' from command line to 'False'
[0.234s] DEBUG:colcon.colcon_core.verb:Building package 'waypoint_generator' with the following arguments: {'ament_cmake_args': None, 'build_base': '/home/caesar/motion_planning_ws/src/hw_1/build/waypoint_generator', 'catkin_cmake_args': None, 'catkin_skip_building_tests': False, 'cmake_args': None, 'cmake_clean_cache': False, 'cmake_clean_first': False, 'cmake_force_configure': False, 'cmake_target': None, 'cmake_target_skip_unavailable': False, 'install_base': '/home/caesar/motion_planning_ws/src/hw_1/install/waypoint_generator', 'merge_install': False, 'path': '/home/caesar/motion_planning_ws/src/hw_1/src/waypoint_generator', 'symlink_install': False, 'test_result_base': None}
[0.234s] INFO:colcon.colcon_core.executor:Executing jobs using 'parallel' executor
[0.235s] DEBUG:colcon.colcon_parallel_executor.executor.parallel:run_until_complete
[0.235s] INFO:colcon.colcon_ros.task.ament_cmake.build:Building ROS package in '/home/caesar/motion_planning_ws/src/hw_1/src/grid_path_searcher' with build type 'ament_cmake'
[0.235s] INFO:colcon.colcon_cmake.task.cmake.build:Building CMake package in '/home/caesar/motion_planning_ws/src/hw_1/src/grid_path_searcher'
[0.237s] INFO:colcon.colcon_core.plugin_system:Skipping extension 'colcon_core.shell.bat': Not used on non-Windows systems
[0.237s] INFO:colcon.colcon_core.shell:Skip shell extension 'powershell' for command environment: Not usable outside of PowerShell
[0.237s] DEBUG:colcon.colcon_core.shell:Skip shell extension 'dsv' for command environment
[0.240s] INFO:colcon.colcon_ros.task.ament_cmake.build:Building ROS package in '/home/caesar/motion_planning_ws/src/hw_1/src/rviz_plugins' with build type 'ament_cmake'
[0.240s] INFO:colcon.colcon_cmake.task.cmake.build:Building CMake package in '/home/caesar/motion_planning_ws/src/hw_1/src/rviz_plugins'
[0.241s] INFO:colcon.colcon_core.shell:Skip shell extension 'powershell' for command environment: Not usable outside of PowerShell
[0.241s] DEBUG:colcon.colcon_core.shell:Skip shell extension 'dsv' for command environment
[0.244s] INFO:colcon.colcon_ros.task.ament_cmake.build:Building ROS package in '/home/caesar/motion_planning_ws/src/hw_1/src/waypoint_generator' with build type 'ament_cmake'
[0.244s] INFO:colcon.colcon_cmake.task.cmake.build:Building CMake package in '/home/caesar/motion_planning_ws/src/hw_1/src/waypoint_generator'
[0.244s] INFO:colcon.colcon_core.shell:Skip shell extension 'powershell' for command environment: Not usable outside of PowerShell
[0.244s] DEBUG:colcon.colcon_core.shell:Skip shell extension 'dsv' for command environment
[0.250s] DEBUG:colcon.colcon_core.event_handler.log_command:Invoking command in '/home/caesar/motion_planning_ws/src/hw_1/build/grid_path_searcher': CMAKE_PREFIX_PATH=${CMAKE_PREFIX_PATH}:/home/caesar/ros2_ws/install/winter2024:/home/caesar/rx150_ws/install/winter2024:/opt/ros/humble /usr/bin/cmake /home/caesar/motion_planning_ws/src/hw_1/src/grid_path_searcher -DCMAKE_INSTALL_PREFIX=/home/caesar/motion_planning_ws/src/hw_1/install/grid_path_searcher
[0.251s] DEBUG:colcon.colcon_core.event_handler.log_command:Invoking command in '/home/caesar/motion_planning_ws/src/hw_1/build/rviz_plugins': CMAKE_PREFIX_PATH=${CMAKE_PREFIX_PATH}:/home/caesar/ros2_ws/install/winter2024:/home/caesar/rx150_ws/install/winter2024:/opt/ros/humble /usr/bin/cmake /home/caesar/motion_planning_ws/src/hw_1/src/rviz_plugins -DCMAKE_INSTALL_PREFIX=/home/caesar/motion_planning_ws/src/hw_1/install/rviz_plugins
[0.253s] DEBUG:colcon.colcon_core.event_handler.log_command:Invoking command in '/home/caesar/motion_planning_ws/src/hw_1/build/waypoint_generator': CMAKE_PREFIX_PATH=${CMAKE_PREFIX_PATH}:/home/caesar/ros2_ws/install/winter2024:/home/caesar/rx150_ws/install/winter2024:/opt/ros/humble /usr/bin/cmake /home/caesar/motion_planning_ws/src/hw_1/src/waypoint_generator -DCMAKE_INSTALL_PREFIX=/home/caesar/motion_planning_ws/src/hw_1/install/waypoint_generator
[1.255s] DEBUG:colcon.colcon_core.event_handler.log_command:Invoked command in '/home/caesar/motion_planning_ws/src/hw_1/build/waypoint_generator' returned '0': CMAKE_PREFIX_PATH=${CMAKE_PREFIX_PATH}:/home/caesar/ros2_ws/install/winter2024:/home/caesar/rx150_ws/install/winter2024:/opt/ros/humble /usr/bin/cmake /home/caesar/motion_planning_ws/src/hw_1/src/waypoint_generator -DCMAKE_INSTALL_PREFIX=/home/caesar/motion_planning_ws/src/hw_1/install/waypoint_generator
[1.256s] DEBUG:colcon.colcon_core.event_handler.log_command:Invoking command in '/home/caesar/motion_planning_ws/src/hw_1/build/waypoint_generator': CMAKE_PREFIX_PATH=${CMAKE_PREFIX_PATH}:/home/caesar/ros2_ws/install/winter2024:/home/caesar/rx150_ws/install/winter2024:/opt/ros/humble /usr/bin/cmake --build /home/caesar/motion_planning_ws/src/hw_1/build/waypoint_generator -- -j16 -l16
[1.859s] DEBUG:colcon.colcon_core.event_handler.log_command:Invoked command in '/home/caesar/motion_planning_ws/src/hw_1/build/rviz_plugins' returned '0': CMAKE_PREFIX_PATH=${CMAKE_PREFIX_PATH}:/home/caesar/ros2_ws/install/winter2024:/home/caesar/rx150_ws/install/winter2024:/opt/ros/humble /usr/bin/cmake /home/caesar/motion_planning_ws/src/hw_1/src/rviz_plugins -DCMAKE_INSTALL_PREFIX=/home/caesar/motion_planning_ws/src/hw_1/install/rviz_plugins
[1.860s] DEBUG:colcon.colcon_core.event_handler.log_command:Invoking command in '/home/caesar/motion_planning_ws/src/hw_1/build/rviz_plugins': CMAKE_PREFIX_PATH=${CMAKE_PREFIX_PATH}:/home/caesar/ros2_ws/install/winter2024:/home/caesar/rx150_ws/install/winter2024:/opt/ros/humble /usr/bin/cmake --build /home/caesar/motion_planning_ws/src/hw_1/build/rviz_plugins -- -j16 -l16
[3.113s] DEBUG:colcon.colcon_core.event_handler.log_command:Invoked command in '/home/caesar/motion_planning_ws/src/hw_1/build/grid_path_searcher' returned '0': CMAKE_PREFIX_PATH=${CMAKE_PREFIX_PATH}:/home/caesar/ros2_ws/install/winter2024:/home/caesar/rx150_ws/install/winter2024:/opt/ros/humble /usr/bin/cmake /home/caesar/motion_planning_ws/src/hw_1/src/grid_path_searcher -DCMAKE_INSTALL_PREFIX=/home/caesar/motion_planning_ws/src/hw_1/install/grid_path_searcher
[3.115s] DEBUG:colcon.colcon_core.event_handler.log_command:Invoking command in '/home/caesar/motion_planning_ws/src/hw_1/build/grid_path_searcher': CMAKE_PREFIX_PATH=${CMAKE_PREFIX_PATH}:/home/caesar/ros2_ws/install/winter2024:/home/caesar/rx150_ws/install/winter2024:/opt/ros/humble /usr/bin/cmake --build /home/caesar/motion_planning_ws/src/hw_1/build/grid_path_searcher -- -j16 -l16
[6.186s] DEBUG:colcon.colcon_core.event_handler.log_command:Invoked command in '/home/caesar/motion_planning_ws/src/hw_1/build/rviz_plugins' returned '0': CMAKE_PREFIX_PATH=${CMAKE_PREFIX_PATH}:/home/caesar/ros2_ws/install/winter2024:/home/caesar/rx150_ws/install/winter2024:/opt/ros/humble /usr/bin/cmake --build /home/caesar/motion_planning_ws/src/hw_1/build/rviz_plugins -- -j16 -l16
[6.194s] DEBUG:colcon.colcon_core.event_handler.log_command:Invoking command in '/home/caesar/motion_planning_ws/src/hw_1/build/rviz_plugins': CMAKE_PREFIX_PATH=${CMAKE_PREFIX_PATH}:/home/caesar/ros2_ws/install/winter2024:/home/caesar/rx150_ws/install/winter2024:/opt/ros/humble /usr/bin/cmake --install /home/caesar/motion_planning_ws/src/hw_1/build/rviz_plugins
[6.206s] Level 1:colcon.colcon_core.environment:create_environment_scripts_only(rviz_plugins)
[6.206s] DEBUG:colcon.colcon_core.event_handler.log_command:Invoked command in '/home/caesar/motion_planning_ws/src/hw_1/build/rviz_plugins' returned '0': CMAKE_PREFIX_PATH=${CMAKE_PREFIX_PATH}:/home/caesar/ros2_ws/install/winter2024:/home/caesar/rx150_ws/install/winter2024:/opt/ros/humble /usr/bin/cmake --install /home/caesar/motion_planning_ws/src/hw_1/build/rviz_plugins
[6.208s] Level 1:colcon.colcon_core.environment:checking '/home/caesar/motion_planning_ws/src/hw_1/install/rviz_plugins' for CMake module files
[6.208s] Level 1:colcon.colcon_core.environment:checking '/home/caesar/motion_planning_ws/src/hw_1/install/rviz_plugins' for CMake config files
[6.208s] Level 1:colcon.colcon_core.shell:create_environment_hook('rviz_plugins', 'cmake_prefix_path')
[6.208s] INFO:colcon.colcon_core.shell:Creating environment hook '/home/caesar/motion_planning_ws/src/hw_1/install/rviz_plugins/share/rviz_plugins/hook/cmake_prefix_path.ps1'
[6.209s] INFO:colcon.colcon_core.shell:Creating environment descriptor '/home/caesar/motion_planning_ws/src/hw_1/install/rviz_plugins/share/rviz_plugins/hook/cmake_prefix_path.dsv'
[6.209s] INFO:colcon.colcon_core.shell:Creating environment hook '/home/caesar/motion_planning_ws/src/hw_1/install/rviz_plugins/share/rviz_plugins/hook/cmake_prefix_path.sh'
[6.210s] Level 1:colcon.colcon_core.environment:checking '/home/caesar/motion_planning_ws/src/hw_1/install/rviz_plugins/lib'
[6.210s] Level 1:colcon.colcon_core.shell:create_environment_hook('rviz_plugins', 'ld_library_path_lib')
[6.210s] INFO:colcon.colcon_core.shell:Creating environment hook '/home/caesar/motion_planning_ws/src/hw_1/install/rviz_plugins/share/rviz_plugins/hook/ld_library_path_lib.ps1'
[6.210s] INFO:colcon.colcon_core.shell:Creating environment descriptor '/home/caesar/motion_planning_ws/src/hw_1/install/rviz_plugins/share/rviz_plugins/hook/ld_library_path_lib.dsv'
[6.210s] INFO:colcon.colcon_core.shell:Creating environment hook '/home/caesar/motion_planning_ws/src/hw_1/install/rviz_plugins/share/rviz_plugins/hook/ld_library_path_lib.sh'
[6.210s] Level 1:colcon.colcon_core.environment:checking '/home/caesar/motion_planning_ws/src/hw_1/install/rviz_plugins/bin'
[6.210s] Level 1:colcon.colcon_core.environment:checking '/home/caesar/motion_planning_ws/src/hw_1/install/rviz_plugins/lib/pkgconfig/rviz_plugins.pc'
[6.211s] Level 1:colcon.colcon_core.environment:checking '/home/caesar/motion_planning_ws/src/hw_1/install/rviz_plugins/lib/python3.10/site-packages'
[6.211s] Level 1:colcon.colcon_core.environment:checking '/home/caesar/motion_planning_ws/src/hw_1/install/rviz_plugins/bin'
[6.211s] INFO:colcon.colcon_core.shell:Creating package script '/home/caesar/motion_planning_ws/src/hw_1/install/rviz_plugins/share/rviz_plugins/package.ps1'
[6.211s] INFO:colcon.colcon_core.shell:Creating package descriptor '/home/caesar/motion_planning_ws/src/hw_1/install/rviz_plugins/share/rviz_plugins/package.dsv'
[6.212s] INFO:colcon.colcon_core.shell:Creating package script '/home/caesar/motion_planning_ws/src/hw_1/install/rviz_plugins/share/rviz_plugins/package.sh'
[6.212s] INFO:colcon.colcon_core.shell:Creating package script '/home/caesar/motion_planning_ws/src/hw_1/install/rviz_plugins/share/rviz_plugins/package.bash'
[6.213s] INFO:colcon.colcon_core.shell:Creating package script '/home/caesar/motion_planning_ws/src/hw_1/install/rviz_plugins/share/rviz_plugins/package.zsh'
[6.213s] Level 1:colcon.colcon_core.environment:create_file_with_runtime_dependencies(/home/caesar/motion_planning_ws/src/hw_1/install/rviz_plugins/share/colcon-core/packages/rviz_plugins)
[6.213s] Level 1:colcon.colcon_core.environment:create_environment_scripts_only(rviz_plugins)
[6.213s] Level 1:colcon.colcon_core.environment:checking '/home/caesar/motion_planning_ws/src/hw_1/install/rviz_plugins' for CMake module files
[6.214s] Level 1:colcon.colcon_core.environment:checking '/home/caesar/motion_planning_ws/src/hw_1/install/rviz_plugins' for CMake config files
[6.214s] Level 1:colcon.colcon_core.shell:create_environment_hook('rviz_plugins', 'cmake_prefix_path')
[6.214s] INFO:colcon.colcon_core.shell:Creating environment hook '/home/caesar/motion_planning_ws/src/hw_1/install/rviz_plugins/share/rviz_plugins/hook/cmake_prefix_path.ps1'
[6.214s] INFO:colcon.colcon_core.shell:Creating environment descriptor '/home/caesar/motion_planning_ws/src/hw_1/install/rviz_plugins/share/rviz_plugins/hook/cmake_prefix_path.dsv'
[6.214s] INFO:colcon.colcon_core.shell:Creating environment hook '/home/caesar/motion_planning_ws/src/hw_1/install/rviz_plugins/share/rviz_plugins/hook/cmake_prefix_path.sh'
[6.215s] Level 1:colcon.colcon_core.environment:checking '/home/caesar/motion_planning_ws/src/hw_1/install/rviz_plugins/lib'
[6.215s] Level 1:colcon.colcon_core.shell:create_environment_hook('rviz_plugins', 'ld_library_path_lib')
[6.215s] INFO:colcon.colcon_core.shell:Creating environment hook '/home/caesar/motion_planning_ws/src/hw_1/install/rviz_plugins/share/rviz_plugins/hook/ld_library_path_lib.ps1'
[6.215s] INFO:colcon.colcon_core.shell:Creating environment descriptor '/home/caesar/motion_planning_ws/src/hw_1/install/rviz_plugins/share/rviz_plugins/hook/ld_library_path_lib.dsv'
[6.215s] INFO:colcon.colcon_core.shell:Creating environment hook '/home/caesar/motion_planning_ws/src/hw_1/install/rviz_plugins/share/rviz_plugins/hook/ld_library_path_lib.sh'
[6.215s] Level 1:colcon.colcon_core.environment:checking '/home/caesar/motion_planning_ws/src/hw_1/install/rviz_plugins/bin'
[6.215s] Level 1:colcon.colcon_core.environment:checking '/home/caesar/motion_planning_ws/src/hw_1/install/rviz_plugins/lib/pkgconfig/rviz_plugins.pc'
[6.216s] Level 1:colcon.colcon_core.environment:checking '/home/caesar/motion_planning_ws/src/hw_1/install/rviz_plugins/lib/python3.10/site-packages'
[6.216s] Level 1:colcon.colcon_core.environment:checking '/home/caesar/motion_planning_ws/src/hw_1/install/rviz_plugins/bin'
[6.216s] INFO:colcon.colcon_core.shell:Creating package script '/home/caesar/motion_planning_ws/src/hw_1/install/rviz_plugins/share/rviz_plugins/package.ps1'
[6.216s] INFO:colcon.colcon_core.shell:Creating package descriptor '/home/caesar/motion_planning_ws/src/hw_1/install/rviz_plugins/share/rviz_plugins/package.dsv'
[6.216s] INFO:colcon.colcon_core.shell:Creating package script '/home/caesar/motion_planning_ws/src/hw_1/install/rviz_plugins/share/rviz_plugins/package.sh'
[6.217s] INFO:colcon.colcon_core.shell:Creating package script '/home/caesar/motion_planning_ws/src/hw_1/install/rviz_plugins/share/rviz_plugins/package.bash'
[6.217s] INFO:colcon.colcon_core.shell:Creating package script '/home/caesar/motion_planning_ws/src/hw_1/install/rviz_plugins/share/rviz_plugins/package.zsh'
[6.217s] Level 1:colcon.colcon_core.environment:create_file_with_runtime_dependencies(/home/caesar/motion_planning_ws/src/hw_1/install/rviz_plugins/share/colcon-core/packages/rviz_plugins)
[9.815s] DEBUG:colcon.colcon_core.event_handler.log_command:Invoked command in '/home/caesar/motion_planning_ws/src/hw_1/build/waypoint_generator' returned '0': CMAKE_PREFIX_PATH=${CMAKE_PREFIX_PATH}:/home/caesar/ros2_ws/install/winter2024:/home/caesar/rx150_ws/install/winter2024:/opt/ros/humble /usr/bin/cmake --build /home/caesar/motion_planning_ws/src/hw_1/build/waypoint_generator -- -j16 -l16
[9.816s] DEBUG:colcon.colcon_core.event_handler.log_command:Invoking command in '/home/caesar/motion_planning_ws/src/hw_1/build/waypoint_generator': CMAKE_PREFIX_PATH=${CMAKE_PREFIX_PATH}:/home/caesar/ros2_ws/install/winter2024:/home/caesar/rx150_ws/install/winter2024:/opt/ros/humble /usr/bin/cmake --install /home/caesar/motion_planning_ws/src/hw_1/build/waypoint_generator
[9.827s] Level 1:colcon.colcon_core.environment:create_environment_scripts_only(waypoint_generator)
[9.827s] Level 1:colcon.colcon_core.environment:checking '/home/caesar/motion_planning_ws/src/hw_1/install/waypoint_generator' for CMake module files
[9.827s] DEBUG:colcon.colcon_core.event_handler.log_command:Invoked command in '/home/caesar/motion_planning_ws/src/hw_1/build/waypoint_generator' returned '0': CMAKE_PREFIX_PATH=${CMAKE_PREFIX_PATH}:/home/caesar/ros2_ws/install/winter2024:/home/caesar/rx150_ws/install/winter2024:/opt/ros/humble /usr/bin/cmake --install /home/caesar/motion_planning_ws/src/hw_1/build/waypoint_generator
[9.827s] Level 1:colcon.colcon_core.environment:checking '/home/caesar/motion_planning_ws/src/hw_1/install/waypoint_generator' for CMake config files
[9.827s] Level 1:colcon.colcon_core.shell:create_environment_hook('waypoint_generator', 'cmake_prefix_path')
[9.828s] INFO:colcon.colcon_core.shell:Creating environment hook '/home/caesar/motion_planning_ws/src/hw_1/install/waypoint_generator/share/waypoint_generator/hook/cmake_prefix_path.ps1'
[9.828s] INFO:colcon.colcon_core.shell:Creating environment descriptor '/home/caesar/motion_planning_ws/src/hw_1/install/waypoint_generator/share/waypoint_generator/hook/cmake_prefix_path.dsv'
[9.828s] INFO:colcon.colcon_core.shell:Creating environment hook '/home/caesar/motion_planning_ws/src/hw_1/install/waypoint_generator/share/waypoint_generator/hook/cmake_prefix_path.sh'
[9.828s] Level 1:colcon.colcon_core.environment:checking '/home/caesar/motion_planning_ws/src/hw_1/install/waypoint_generator/lib'
[9.828s] Level 1:colcon.colcon_core.environment:checking '/home/caesar/motion_planning_ws/src/hw_1/install/waypoint_generator/bin'
[9.828s] Level 1:colcon.colcon_core.environment:checking '/home/caesar/motion_planning_ws/src/hw_1/install/waypoint_generator/lib/pkgconfig/waypoint_generator.pc'
[9.829s] Level 1:colcon.colcon_core.environment:checking '/home/caesar/motion_planning_ws/src/hw_1/install/waypoint_generator/lib/python3.10/site-packages'
[9.829s] Level 1:colcon.colcon_core.environment:checking '/home/caesar/motion_planning_ws/src/hw_1/install/waypoint_generator/bin'
[9.829s] INFO:colcon.colcon_core.shell:Creating package script '/home/caesar/motion_planning_ws/src/hw_1/install/waypoint_generator/share/waypoint_generator/package.ps1'
[9.829s] INFO:colcon.colcon_core.shell:Creating package descriptor '/home/caesar/motion_planning_ws/src/hw_1/install/waypoint_generator/share/waypoint_generator/package.dsv'
[9.829s] INFO:colcon.colcon_core.shell:Creating package script '/home/caesar/motion_planning_ws/src/hw_1/install/waypoint_generator/share/waypoint_generator/package.sh'
[9.830s] INFO:colcon.colcon_core.shell:Creating package script '/home/caesar/motion_planning_ws/src/hw_1/install/waypoint_generator/share/waypoint_generator/package.bash'
[9.830s] INFO:colcon.colcon_core.shell:Creating package script '/home/caesar/motion_planning_ws/src/hw_1/install/waypoint_generator/share/waypoint_generator/package.zsh'
[9.830s] Level 1:colcon.colcon_core.environment:create_file_with_runtime_dependencies(/home/caesar/motion_planning_ws/src/hw_1/install/waypoint_generator/share/colcon-core/packages/waypoint_generator)
[9.830s] Level 1:colcon.colcon_core.environment:create_environment_scripts_only(waypoint_generator)
[9.830s] Level 1:colcon.colcon_core.environment:checking '/home/caesar/motion_planning_ws/src/hw_1/install/waypoint_generator' for CMake module files
[9.831s] Level 1:colcon.colcon_core.environment:checking '/home/caesar/motion_planning_ws/src/hw_1/install/waypoint_generator' for CMake config files
[9.831s] Level 1:colcon.colcon_core.shell:create_environment_hook('waypoint_generator', 'cmake_prefix_path')
[9.831s] INFO:colcon.colcon_core.shell:Creating environment hook '/home/caesar/motion_planning_ws/src/hw_1/install/waypoint_generator/share/waypoint_generator/hook/cmake_prefix_path.ps1'
[9.831s] INFO:colcon.colcon_core.shell:Creating environment descriptor '/home/caesar/motion_planning_ws/src/hw_1/install/waypoint_generator/share/waypoint_generator/hook/cmake_prefix_path.dsv'
[9.831s] INFO:colcon.colcon_core.shell:Creating environment hook '/home/caesar/motion_planning_ws/src/hw_1/install/waypoint_generator/share/waypoint_generator/hook/cmake_prefix_path.sh'
[9.832s] Level 1:colcon.colcon_core.environment:checking '/home/caesar/motion_planning_ws/src/hw_1/install/waypoint_generator/lib'
[9.832s] Level 1:colcon.colcon_core.environment:checking '/home/caesar/motion_planning_ws/src/hw_1/install/waypoint_generator/bin'
[9.832s] Level 1:colcon.colcon_core.environment:checking '/home/caesar/motion_planning_ws/src/hw_1/install/waypoint_generator/lib/pkgconfig/waypoint_generator.pc'
[9.832s] Level 1:colcon.colcon_core.environment:checking '/home/caesar/motion_planning_ws/src/hw_1/install/waypoint_generator/lib/python3.10/site-packages'
[9.832s] Level 1:colcon.colcon_core.environment:checking '/home/caesar/motion_planning_ws/src/hw_1/install/waypoint_generator/bin'
[9.832s] INFO:colcon.colcon_core.shell:Creating package script '/home/caesar/motion_planning_ws/src/hw_1/install/waypoint_generator/share/waypoint_generator/package.ps1'
[9.832s] INFO:colcon.colcon_core.shell:Creating package descriptor '/home/caesar/motion_planning_ws/src/hw_1/install/waypoint_generator/share/waypoint_generator/package.dsv'
[9.833s] INFO:colcon.colcon_core.shell:Creating package script '/home/caesar/motion_planning_ws/src/hw_1/install/waypoint_generator/share/waypoint_generator/package.sh'
[9.833s] INFO:colcon.colcon_core.shell:Creating package script '/home/caesar/motion_planning_ws/src/hw_1/install/waypoint_generator/share/waypoint_generator/package.bash'
[9.833s] INFO:colcon.colcon_core.shell:Creating package script '/home/caesar/motion_planning_ws/src/hw_1/install/waypoint_generator/share/waypoint_generator/package.zsh'
[9.833s] Level 1:colcon.colcon_core.environment:create_file_with_runtime_dependencies(/home/caesar/motion_planning_ws/src/hw_1/install/waypoint_generator/share/colcon-core/packages/waypoint_generator)
[13.249s] DEBUG:colcon.colcon_core.event_handler.log_command:Invoked command in '/home/caesar/motion_planning_ws/src/hw_1/build/grid_path_searcher' returned '0': CMAKE_PREFIX_PATH=${CMAKE_PREFIX_PATH}:/home/caesar/ros2_ws/install/winter2024:/home/caesar/rx150_ws/install/winter2024:/opt/ros/humble /usr/bin/cmake --build /home/caesar/motion_planning_ws/src/hw_1/build/grid_path_searcher -- -j16 -l16
[13.251s] DEBUG:colcon.colcon_core.event_handler.log_command:Invoking command in '/home/caesar/motion_planning_ws/src/hw_1/build/grid_path_searcher': CMAKE_PREFIX_PATH=${CMAKE_PREFIX_PATH}:/home/caesar/ros2_ws/install/winter2024:/home/caesar/rx150_ws/install/winter2024:/opt/ros/humble /usr/bin/cmake --install /home/caesar/motion_planning_ws/src/hw_1/build/grid_path_searcher
[13.272s] Level 1:colcon.colcon_core.environment:create_environment_scripts_only(grid_path_searcher)
[13.273s] Level 1:colcon.colcon_core.environment:checking '/home/caesar/motion_planning_ws/src/hw_1/install/grid_path_searcher' for CMake module files
[13.273s] DEBUG:colcon.colcon_core.event_handler.log_command:Invoked command in '/home/caesar/motion_planning_ws/src/hw_1/build/grid_path_searcher' returned '0': CMAKE_PREFIX_PATH=${CMAKE_PREFIX_PATH}:/home/caesar/ros2_ws/install/winter2024:/home/caesar/rx150_ws/install/winter2024:/opt/ros/humble /usr/bin/cmake --install /home/caesar/motion_planning_ws/src/hw_1/build/grid_path_searcher
[13.274s] Level 1:colcon.colcon_core.environment:checking '/home/caesar/motion_planning_ws/src/hw_1/install/grid_path_searcher' for CMake config files
[13.274s] Level 1:colcon.colcon_core.shell:create_environment_hook('grid_path_searcher', 'cmake_prefix_path')
[13.274s] INFO:colcon.colcon_core.shell:Creating environment hook '/home/caesar/motion_planning_ws/src/hw_1/install/grid_path_searcher/share/grid_path_searcher/hook/cmake_prefix_path.ps1'
[13.274s] INFO:colcon.colcon_core.shell:Creating environment descriptor '/home/caesar/motion_planning_ws/src/hw_1/install/grid_path_searcher/share/grid_path_searcher/hook/cmake_prefix_path.dsv'
[13.275s] INFO:colcon.colcon_core.shell:Creating environment hook '/home/caesar/motion_planning_ws/src/hw_1/install/grid_path_searcher/share/grid_path_searcher/hook/cmake_prefix_path.sh'
[13.275s] Level 1:colcon.colcon_core.environment:checking '/home/caesar/motion_planning_ws/src/hw_1/install/grid_path_searcher/lib'
[13.275s] Level 1:colcon.colcon_core.environment:checking '/home/caesar/motion_planning_ws/src/hw_1/install/grid_path_searcher/bin'
[13.275s] Level 1:colcon.colcon_core.environment:checking '/home/caesar/motion_planning_ws/src/hw_1/install/grid_path_searcher/lib/pkgconfig/grid_path_searcher.pc'
[13.276s] Level 1:colcon.colcon_core.environment:checking '/home/caesar/motion_planning_ws/src/hw_1/install/grid_path_searcher/lib/python3.10/site-packages'
[13.276s] Level 1:colcon.colcon_core.environment:checking '/home/caesar/motion_planning_ws/src/hw_1/install/grid_path_searcher/bin'
[13.276s] INFO:colcon.colcon_core.shell:Creating package script '/home/caesar/motion_planning_ws/src/hw_1/install/grid_path_searcher/share/grid_path_searcher/package.ps1'
[13.277s] INFO:colcon.colcon_core.shell:Creating package descriptor '/home/caesar/motion_planning_ws/src/hw_1/install/grid_path_searcher/share/grid_path_searcher/package.dsv'
[13.277s] INFO:colcon.colcon_core.shell:Creating package script '/home/caesar/motion_planning_ws/src/hw_1/install/grid_path_searcher/share/grid_path_searcher/package.sh'
[13.277s] INFO:colcon.colcon_core.shell:Creating package script '/home/caesar/motion_planning_ws/src/hw_1/install/grid_path_searcher/share/grid_path_searcher/package.bash'
[13.278s] INFO:colcon.colcon_core.shell:Creating package script '/home/caesar/motion_planning_ws/src/hw_1/install/grid_path_searcher/share/grid_path_searcher/package.zsh'
[13.278s] Level 1:colcon.colcon_core.environment:create_file_with_runtime_dependencies(/home/caesar/motion_planning_ws/src/hw_1/install/grid_path_searcher/share/colcon-core/packages/grid_path_searcher)
[13.279s] Level 1:colcon.colcon_core.environment:create_environment_scripts_only(grid_path_searcher)
[13.279s] Level 1:colcon.colcon_core.environment:checking '/home/caesar/motion_planning_ws/src/hw_1/install/grid_path_searcher' for CMake module files
[13.279s] Level 1:colcon.colcon_core.environment:checking '/home/caesar/motion_planning_ws/src/hw_1/install/grid_path_searcher' for CMake config files
[13.279s] Level 1:colcon.colcon_core.shell:create_environment_hook('grid_path_searcher', 'cmake_prefix_path')
[13.280s] INFO:colcon.colcon_core.shell:Creating environment hook '/home/caesar/motion_planning_ws/src/hw_1/install/grid_path_searcher/share/grid_path_searcher/hook/cmake_prefix_path.ps1'
[13.280s] INFO:colcon.colcon_core.shell:Creating environment descriptor '/home/caesar/motion_planning_ws/src/hw_1/install/grid_path_searcher/share/grid_path_searcher/hook/cmake_prefix_path.dsv'
[13.280s] INFO:colcon.colcon_core.shell:Creating environment hook '/home/caesar/motion_planning_ws/src/hw_1/install/grid_path_searcher/share/grid_path_searcher/hook/cmake_prefix_path.sh'
[13.281s] Level 1:colcon.colcon_core.environment:checking '/home/caesar/motion_planning_ws/src/hw_1/install/grid_path_searcher/lib'
[13.281s] Level 1:colcon.colcon_core.environment:checking '/home/caesar/motion_planning_ws/src/hw_1/install/grid_path_searcher/bin'
[13.281s] Level 1:colcon.colcon_core.environment:checking '/home/caesar/motion_planning_ws/src/hw_1/install/grid_path_searcher/lib/pkgconfig/grid_path_searcher.pc'
[13.281s] Level 1:colcon.colcon_core.environment:checking '/home/caesar/motion_planning_ws/src/hw_1/install/grid_path_searcher/lib/python3.10/site-packages'
[13.281s] Level 1:colcon.colcon_core.environment:checking '/home/caesar/motion_planning_ws/src/hw_1/install/grid_path_searcher/bin'
[13.282s] INFO:colcon.colcon_core.shell:Creating package script '/home/caesar/motion_planning_ws/src/hw_1/install/grid_path_searcher/share/grid_path_searcher/package.ps1'
[13.282s] INFO:colcon.colcon_core.shell:Creating package descriptor '/home/caesar/motion_planning_ws/src/hw_1/install/grid_path_searcher/share/grid_path_searcher/package.dsv'
[13.282s] INFO:colcon.colcon_core.shell:Creating package script '/home/caesar/motion_planning_ws/src/hw_1/install/grid_path_searcher/share/grid_path_searcher/package.sh'
[13.283s] INFO:colcon.colcon_core.shell:Creating package script '/home/caesar/motion_planning_ws/src/hw_1/install/grid_path_searcher/share/grid_path_searcher/package.bash'
[13.283s] INFO:colcon.colcon_core.shell:Creating package script '/home/caesar/motion_planning_ws/src/hw_1/install/grid_path_searcher/share/grid_path_searcher/package.zsh'
[13.283s] Level 1:colcon.colcon_core.environment:create_file_with_runtime_dependencies(/home/caesar/motion_planning_ws/src/hw_1/install/grid_path_searcher/share/colcon-core/packages/grid_path_searcher)
[13.283s] DEBUG:colcon.colcon_parallel_executor.executor.parallel:closing loop
[13.284s] DEBUG:colcon.colcon_parallel_executor.executor.parallel:loop closed
[13.284s] DEBUG:colcon.colcon_parallel_executor.executor.parallel:run_until_complete finished with '0'
[13.284s] DEBUG:colcon.colcon_core.event_reactor:joining thread
[13.288s] INFO:colcon.colcon_core.plugin_system:Skipping extension 'colcon_notification.desktop_notification.terminal_notifier': Not used on non-Darwin systems
[13.288s] INFO:colcon.colcon_core.plugin_system:Skipping extension 'colcon_notification.desktop_notification.win32': Not used on non-Windows systems
[13.288s] INFO:colcon.colcon_notification.desktop_notification:Sending desktop notification using 'notify2'
[13.304s] DEBUG:colcon.colcon_core.event_reactor:joined thread
[13.305s] INFO:colcon.colcon_core.shell:Creating prefix script '/home/caesar/motion_planning_ws/src/hw_1/install/local_setup.ps1'
[13.306s] INFO:colcon.colcon_core.shell:Creating prefix util module '/home/caesar/motion_planning_ws/src/hw_1/install/_local_setup_util_ps1.py'
[13.307s] INFO:colcon.colcon_core.shell:Creating prefix chain script '/home/caesar/motion_planning_ws/src/hw_1/install/setup.ps1'
[13.309s] INFO:colcon.colcon_core.shell:Creating prefix script '/home/caesar/motion_planning_ws/src/hw_1/install/local_setup.sh'
[13.310s] INFO:colcon.colcon_core.shell:Creating prefix util module '/home/caesar/motion_planning_ws/src/hw_1/install/_local_setup_util_sh.py'
[13.310s] INFO:colcon.colcon_core.shell:Creating prefix chain script '/home/caesar/motion_planning_ws/src/hw_1/install/setup.sh'
[13.312s] INFO:colcon.colcon_core.shell:Creating prefix script '/home/caesar/motion_planning_ws/src/hw_1/install/local_setup.bash'
[13.312s] INFO:colcon.colcon_core.shell:Creating prefix chain script '/home/caesar/motion_planning_ws/src/hw_1/install/setup.bash'
[13.314s] INFO:colcon.colcon_core.shell:Creating prefix script '/home/caesar/motion_planning_ws/src/hw_1/install/local_setup.zsh'
[13.314s] INFO:colcon.colcon_core.shell:Creating prefix chain script '/home/caesar/motion_planning_ws/src/hw_1/install/setup.zsh'
