[0.010s] Invoking command in '/home/caesar/motion_planning_ws/src/hw_1/build/rviz_plugins': CMAKE_PREFIX_PATH=${CMAKE_PREFIX_PATH}:/home/caesar/ros2_ws/install/winter2024:/home/caesar/rx150_ws/install/winter2024:/opt/ros/humble /usr/bin/cmake /home/caesar/motion_planning_ws/src/hw_1/src/rviz_plugins -DCMAKE_INSTALL_PREFIX=/home/caesar/motion_planning_ws/src/hw_1/install/rviz_plugins
[0.053s] -- The C compiler identification is GNU 11.4.0
[0.097s] -- The CXX compiler identification is GNU 11.4.0
[0.102s] -- Detecting C compiler ABI info
[0.153s] -- Detecting C compiler ABI info - done
[0.158s] -- Check for working C compiler: /usr/bin/cc - skipped
[0.158s] -- Detecting C compile features
[0.158s] -- Detecting C compile features - done
[0.160s] -- Detecting CXX compiler ABI info
[0.217s] -- Detecting CXX compiler ABI info - done
[0.222s] -- Check for working CXX compiler: /usr/bin/c++ - skipped
[0.222s] -- Detecting CXX compile features
[0.223s] -- Detecting CXX compile features - done
[0.225s] -- Found ament_cmake: 1.3.11 (/opt/ros/humble/share/ament_cmake/cmake)
[0.336s] -- Found Python3: /usr/bin/python3 (found version "3.10.12") found components: Interpreter 
[0.415s] -- Found pluginlib: 5.1.0 (/opt/ros/humble/share/pluginlib/cmake)
[0.458s] -- Found rclcpp: 16.0.11 (/opt/ros/humble/share/rclcpp/cmake)
[0.484s] -- Found rosidl_generator_c: 3.1.6 (/opt/ros/humble/share/rosidl_generator_c/cmake)
[0.489s] -- Found rosidl_adapter: 3.1.6 (/opt/ros/humble/share/rosidl_adapter/cmake)
[0.496s] -- Found rosidl_generator_cpp: 3.1.6 (/opt/ros/humble/share/rosidl_generator_cpp/cmake)
[0.506s] -- Using all available rosidl_typesupport_c: rosidl_typesupport_fastrtps_c;rosidl_typesupport_introspection_c
[0.516s] -- Using all available rosidl_typesupport_cpp: rosidl_typesupport_fastrtps_cpp;rosidl_typesupport_introspection_cpp
[0.553s] -- Found rmw_implementation_cmake: 6.1.2 (/opt/ros/humble/share/rmw_implementation_cmake/cmake)
[0.556s] -- Found rmw_fastrtps_cpp: 6.2.7 (/opt/ros/humble/share/rmw_fastrtps_cpp/cmake)
[0.577s] -- Found TinyXML2 via Config file: TinyXML2_DIR-NOTFOUND
[0.618s] -- Found OpenSSL: /usr/lib/x86_64-linux-gnu/libcrypto.so (found version "3.0.2")  
[0.620s] -- Found TinyXML2 via Config file: TinyXML2_DIR-NOTFOUND
[0.634s] -- Found FastRTPS: /opt/ros/humble/include  
[0.636s] -- Found TinyXML2 via Config file: TinyXML2_DIR-NOTFOUND
[0.642s] -- Found TinyXML2 via Config file: TinyXML2_DIR-NOTFOUND
[0.650s] -- Using RMW implementation 'rmw_fastrtps_cpp' as default
[0.658s] -- Looking for pthread.h
[0.707s] -- Looking for pthread.h - found
[0.707s] -- Performing Test CMAKE_HAVE_LIBC_PTHREAD
[0.761s] -- Performing Test CMAKE_HAVE_LIBC_PTHREAD - Success
[0.762s] -- Found Threads: TRUE  
[0.800s] -- Found geometry_msgs: 4.2.4 (/opt/ros/humble/share/geometry_msgs/cmake)
[0.810s] -- Found rviz_common: 11.2.14 (/opt/ros/humble/share/rviz_common/cmake)
[0.815s] -- Setting assimp_DIR to: '/opt/ros/humble/share/rviz_assimp_vendor/cmake/../../../opt/rviz_assimp_vendor/lib/cmake/assimp-4.1'
[0.821s] -- Setting OGRE_DIR to: '/opt/ros/humble/share/rviz_ogre_vendor/cmake/../../../opt/rviz_ogre_vendor/lib/OGRE/cmake'
[0.822s] -- Found OGRE
[0.822s] --   static     : OFF
[0.822s] --   components : HLMS;MeshLodGenerator;Overlay;Paging;Property;RTShaderSystem;Terrain;Volume
[0.822s] --   plugins    : Plugin_BSPSceneManager;Plugin_OctreeSceneManager;Plugin_PCZSceneManager;Plugin_ParticleFX;RenderSystem_GL;RenderSystem_GL3Plus;Codec_STBI
[0.822s] --   media      : /opt/ros/humble/opt/rviz_ogre_vendor/share/OGRE/Media
[0.822s] -- OGRE_LIBRARIES: OgreHLMS;OgreMeshLodGenerator;OgreOverlay;OgrePaging;OgreProperty;OgreRTShaderSystem;OgreTerrain;OgreVolume;OgreMain
[0.822s] -- OGRE_LIBRARY_DIRS: /opt/ros/humble/opt/rviz_ogre_vendor/lib
[0.823s] -- OGRE_PLUGINS: Plugin_BSPSceneManager;Plugin_OctreeSceneManager;Plugin_PCZSceneManager;Plugin_ParticleFX;RenderSystem_GL;RenderSystem_GL3Plus;Codec_STBI
[0.823s] -- OGRE_PLUGIN_DIR: /opt/ros/humble/opt/rviz_ogre_vendor/lib/OGRE
[0.823s] -- rviz_ogre_vendor::OgreOverlay for IMPORTED_LOCATION_RELEASE: /opt/ros/humble/opt/rviz_ogre_vendor/lib/libOgreOverlay.so
[0.823s] -- rviz_ogre_vendor::OgreOverlay for IMPORTED_LOCATION_DEBUG: /opt/ros/humble/opt/rviz_ogre_vendor/lib/libOgreOverlay.so
[0.823s] -- rviz_ogre_vendor::OgreMain for IMPORTED_LOCATION_RELEASE: /opt/ros/humble/opt/rviz_ogre_vendor/lib/libOgreMain.so
[0.823s] -- rviz_ogre_vendor::OgreMain for IMPORTED_LOCATION_DEBUG: /opt/ros/humble/opt/rviz_ogre_vendor/lib/libOgreMain.so
[0.837s] -- Found ZLIB: /usr/lib/x86_64-linux-gnu/libz.so (found version "1.2.11") 
[0.841s] -- Found OpenGL: /usr/lib/x86_64-linux-gnu/libOpenGL.so   
[0.922s] -- Found X11: /usr/include   
[0.922s] -- Looking for XOpenDisplay in /usr/lib/x86_64-linux-gnu/libX11.so;/usr/lib/x86_64-linux-gnu/libXext.so
[0.977s] -- Looking for XOpenDisplay in /usr/lib/x86_64-linux-gnu/libX11.so;/usr/lib/x86_64-linux-gnu/libXext.so - found
[0.977s] -- Looking for gethostbyname
[1.033s] -- Looking for gethostbyname - found
[1.033s] -- Looking for connect
[1.084s] -- Looking for connect - found
[1.084s] -- Looking for remove
[1.137s] -- Looking for remove - found
[1.137s] -- Looking for shmat
[1.189s] -- Looking for shmat - found
[1.189s] -- Looking for IceConnectionNumber in ICE
[1.249s] -- Looking for IceConnectionNumber in ICE - found
[1.327s] -- library: /usr/lib/x86_64-linux-gnu/libcurl.so
[1.358s] -- Found Eigen3: TRUE (found version "3.4.0") 
[1.358s] -- Ensuring Eigen3 include directory is part of orocos-kdl CMake target
[1.441s] -- Found rviz_default_plugins: 11.2.14 (/opt/ros/humble/share/rviz_default_plugins/cmake)
[1.513s] -- Found ament_lint_auto: 0.12.11 (/opt/ros/humble/share/ament_lint_auto/cmake)
[1.579s] -- Added test 'copyright' to check source files copyright and LICENSE
[1.579s] -- Added test 'cppcheck' to perform static code analysis on C / C++ code
[1.580s] -- Configured cppcheck include dirs: /home/caesar/motion_planning_ws/src/hw_1/src/rviz_plugins/include
[1.580s] -- Configured cppcheck exclude dirs and/or files: 
[1.580s] -- Added test 'cpplint' to check C / C++ code against the Google style
[1.580s] -- Configured cpplint exclude dirs and/or files: 
[1.581s] -- Added test 'lint_cmake' to check CMake code style
[1.582s] -- Added test 'uncrustify' to check C / C++ code style
[1.582s] -- Configured uncrustify additional arguments: 
[1.582s] -- Added test 'xmllint' to check XML markup files
[1.584s] -- Configuring done
[1.606s] -- Generating done
[1.610s] -- Build files have been written to: /home/caesar/motion_planning_ws/src/hw_1/build/rviz_plugins
[1.619s] Invoked command in '/home/caesar/motion_planning_ws/src/hw_1/build/rviz_plugins' returned '0': CMAKE_PREFIX_PATH=${CMAKE_PREFIX_PATH}:/home/caesar/ros2_ws/install/winter2024:/home/caesar/rx150_ws/install/winter2024:/opt/ros/humble /usr/bin/cmake /home/caesar/motion_planning_ws/src/hw_1/src/rviz_plugins -DCMAKE_INSTALL_PREFIX=/home/caesar/motion_planning_ws/src/hw_1/install/rviz_plugins
[1.620s] Invoking command in '/home/caesar/motion_planning_ws/src/hw_1/build/rviz_plugins': CMAKE_PREFIX_PATH=${CMAKE_PREFIX_PATH}:/home/caesar/ros2_ws/install/winter2024:/home/caesar/rx150_ws/install/winter2024:/opt/ros/humble /usr/bin/cmake --build /home/caesar/motion_planning_ws/src/hw_1/build/rviz_plugins -- -j16 -l16
[1.661s] [ 20%] [34m[1mAutomatic MOC for target rviz_plugins[0m
[1.905s] [ 20%] Built target rviz_plugins_autogen
[1.920s] [ 60%] [32mBuilding CXX object CMakeFiles/rviz_plugins.dir/src/pose3d_tool.cpp.o[0m
[1.921s] [ 60%] [32mBuilding CXX object CMakeFiles/rviz_plugins.dir/rviz_plugins_autogen/mocs_compilation.cpp.o[0m
[1.921s] [ 80%] [32mBuilding CXX object CMakeFiles/rviz_plugins.dir/src/goal3d_tool.cpp.o[0m
[5.400s] [100%] [32m[1mLinking CXX shared library librviz_plugins.so[0m
[5.934s] [100%] Built target rviz_plugins
[5.946s] Invoked command in '/home/caesar/motion_planning_ws/src/hw_1/build/rviz_plugins' returned '0': CMAKE_PREFIX_PATH=${CMAKE_PREFIX_PATH}:/home/caesar/ros2_ws/install/winter2024:/home/caesar/rx150_ws/install/winter2024:/opt/ros/humble /usr/bin/cmake --build /home/caesar/motion_planning_ws/src/hw_1/build/rviz_plugins -- -j16 -l16
[5.953s] Invoking command in '/home/caesar/motion_planning_ws/src/hw_1/build/rviz_plugins': CMAKE_PREFIX_PATH=${CMAKE_PREFIX_PATH}:/home/caesar/ros2_ws/install/winter2024:/home/caesar/rx150_ws/install/winter2024:/opt/ros/humble /usr/bin/cmake --install /home/caesar/motion_planning_ws/src/hw_1/build/rviz_plugins
[5.961s] -- Install configuration: ""
[5.961s] -- Installing: /home/caesar/motion_planning_ws/src/hw_1/install/rviz_plugins/share/rviz_plugins/plugins_description.xml
[5.961s] -- Installing: /home/caesar/motion_planning_ws/src/hw_1/install/rviz_plugins/lib/librviz_plugins.so
[5.962s] -- Set runtime path of "/home/caesar/motion_planning_ws/src/hw_1/install/rviz_plugins/lib/librviz_plugins.so" to ""
[5.962s] -- Installing: /home/caesar/motion_planning_ws/src/hw_1/install/rviz_plugins/include/
[5.962s] -- Installing: /home/caesar/motion_planning_ws/src/hw_1/install/rviz_plugins/include//rviz_plugins
[5.963s] -- Installing: /home/caesar/motion_planning_ws/src/hw_1/install/rviz_plugins/include//rviz_plugins/goal3d_tool.hpp
[5.963s] -- Installing: /home/caesar/motion_planning_ws/src/hw_1/install/rviz_plugins/include//rviz_plugins/pose3d_tool.hpp
[5.963s] -- Installing: /home/caesar/motion_planning_ws/src/hw_1/install/rviz_plugins/share/rviz_plugins/environment/library_path.sh
[5.963s] -- Installing: /home/caesar/motion_planning_ws/src/hw_1/install/rviz_plugins/share/rviz_plugins/environment/library_path.dsv
[5.963s] -- Installing: /home/caesar/motion_planning_ws/src/hw_1/install/rviz_plugins/share/ament_index/resource_index/package_run_dependencies/rviz_plugins
[5.963s] -- Installing: /home/caesar/motion_planning_ws/src/hw_1/install/rviz_plugins/share/ament_index/resource_index/parent_prefix_path/rviz_plugins
[5.963s] -- Installing: /home/caesar/motion_planning_ws/src/hw_1/install/rviz_plugins/share/rviz_plugins/environment/ament_prefix_path.sh
[5.963s] -- Installing: /home/caesar/motion_planning_ws/src/hw_1/install/rviz_plugins/share/rviz_plugins/environment/ament_prefix_path.dsv
[5.963s] -- Installing: /home/caesar/motion_planning_ws/src/hw_1/install/rviz_plugins/share/rviz_plugins/environment/path.sh
[5.963s] -- Installing: /home/caesar/motion_planning_ws/src/hw_1/install/rviz_plugins/share/rviz_plugins/environment/path.dsv
[5.963s] -- Installing: /home/caesar/motion_planning_ws/src/hw_1/install/rviz_plugins/share/rviz_plugins/local_setup.bash
[5.963s] -- Installing: /home/caesar/motion_planning_ws/src/hw_1/install/rviz_plugins/share/rviz_plugins/local_setup.sh
[5.963s] -- Installing: /home/caesar/motion_planning_ws/src/hw_1/install/rviz_plugins/share/rviz_plugins/local_setup.zsh
[5.963s] -- Installing: /home/caesar/motion_planning_ws/src/hw_1/install/rviz_plugins/share/rviz_plugins/local_setup.dsv
[5.963s] -- Installing: /home/caesar/motion_planning_ws/src/hw_1/install/rviz_plugins/share/rviz_plugins/package.dsv
[5.963s] -- Installing: /home/caesar/motion_planning_ws/src/hw_1/install/rviz_plugins/share/ament_index/resource_index/packages/rviz_plugins
[5.963s] -- Installing: /home/caesar/motion_planning_ws/src/hw_1/install/rviz_plugins/share/ament_index/resource_index/rviz_common__pluginlib__plugin/rviz_plugins
[5.963s] -- Installing: /home/caesar/motion_planning_ws/src/hw_1/install/rviz_plugins/share/rviz_plugins/cmake/rviz_pluginsExport.cmake
[5.963s] -- Installing: /home/caesar/motion_planning_ws/src/hw_1/install/rviz_plugins/share/rviz_plugins/cmake/rviz_pluginsExport-noconfig.cmake
[5.963s] -- Installing: /home/caesar/motion_planning_ws/src/hw_1/install/rviz_plugins/share/rviz_plugins/cmake/ament_cmake_export_include_directories-extras.cmake
[5.963s] -- Installing: /home/caesar/motion_planning_ws/src/hw_1/install/rviz_plugins/share/rviz_plugins/cmake/ament_cmake_export_targets-extras.cmake
[5.963s] -- Installing: /home/caesar/motion_planning_ws/src/hw_1/install/rviz_plugins/share/rviz_plugins/cmake/ament_cmake_export_dependencies-extras.cmake
[5.963s] -- Installing: /home/caesar/motion_planning_ws/src/hw_1/install/rviz_plugins/share/rviz_plugins/cmake/rviz_pluginsConfig.cmake
[5.964s] -- Installing: /home/caesar/motion_planning_ws/src/hw_1/install/rviz_plugins/share/rviz_plugins/cmake/rviz_pluginsConfig-version.cmake
[5.964s] -- Installing: /home/caesar/motion_planning_ws/src/hw_1/install/rviz_plugins/share/rviz_plugins/package.xml
[5.965s] Invoked command in '/home/caesar/motion_planning_ws/src/hw_1/build/rviz_plugins' returned '0': CMAKE_PREFIX_PATH=${CMAKE_PREFIX_PATH}:/home/caesar/ros2_ws/install/winter2024:/home/caesar/rx150_ws/install/winter2024:/opt/ros/humble /usr/bin/cmake --install /home/caesar/motion_planning_ws/src/hw_1/build/rviz_plugins
