[0.009s] Invoking command in '/home/caesar/motion_planning_ws/src/hw_1/build/waypoint_generator': CMAKE_PREFIX_PATH=${CMAKE_PREFIX_PATH}:/home/caesar/ros2_ws/install/winter2024:/home/caesar/rx150_ws/install/winter2024:/opt/ros/humble /usr/bin/cmake /home/caesar/motion_planning_ws/src/hw_1/src/waypoint_generator -DCMAKE_INSTALL_PREFIX=/home/caesar/motion_planning_ws/src/hw_1/install/waypoint_generator
[0.053s] -- The C compiler identification is GNU 11.4.0
[0.091s] -- The CXX compiler identification is GNU 11.4.0
[0.097s] -- Detecting C compiler ABI info
[0.149s] -- Detecting C compiler ABI info - done
[0.154s] -- Check for working C compiler: /usr/bin/cc - skipped
[0.154s] -- Detecting C compile features
[0.154s] -- Detecting C compile features - done
[0.156s] -- Detecting CXX compiler ABI info
[0.214s] -- Detecting CXX compiler ABI info - done
[0.219s] -- Check for working CXX compiler: /usr/bin/c++ - skipped
[0.219s] -- Detecting CXX compile features
[0.220s] -- Detecting CXX compile features - done
[0.222s] -- Found ament_cmake: 1.3.11 (/opt/ros/humble/share/ament_cmake/cmake)
[0.340s] -- Found Python3: /usr/bin/python3 (found version "3.10.12") found components: Interpreter 
[0.415s] -- Found rclcpp: 16.0.11 (/opt/ros/humble/share/rclcpp/cmake)
[0.452s] -- Found rosidl_generator_c: 3.1.6 (/opt/ros/humble/share/rosidl_generator_c/cmake)
[0.457s] -- Found rosidl_adapter: 3.1.6 (/opt/ros/humble/share/rosidl_adapter/cmake)
[0.464s] -- Found rosidl_generator_cpp: 3.1.6 (/opt/ros/humble/share/rosidl_generator_cpp/cmake)
[0.479s] -- Using all available rosidl_typesupport_c: rosidl_typesupport_fastrtps_c;rosidl_typesupport_introspection_c
[0.492s] -- Using all available rosidl_typesupport_cpp: rosidl_typesupport_fastrtps_cpp;rosidl_typesupport_introspection_cpp
[0.530s] -- Found rmw_implementation_cmake: 6.1.2 (/opt/ros/humble/share/rmw_implementation_cmake/cmake)
[0.533s] -- Found rmw_fastrtps_cpp: 6.2.7 (/opt/ros/humble/share/rmw_fastrtps_cpp/cmake)
[0.599s] -- Found OpenSSL: /usr/lib/x86_64-linux-gnu/libcrypto.so (found version "3.0.2")  
[0.621s] -- Found FastRTPS: /opt/ros/humble/include  
[0.652s] -- Using RMW implementation 'rmw_fastrtps_cpp' as default
[0.660s] -- Looking for pthread.h
[0.719s] -- Looking for pthread.h - found
[0.719s] -- Performing Test CMAKE_HAVE_LIBC_PTHREAD
[0.773s] -- Performing Test CMAKE_HAVE_LIBC_PTHREAD - Success
[0.773s] -- Found Threads: TRUE  
[0.812s] -- Found geometry_msgs: 4.2.4 (/opt/ros/humble/share/geometry_msgs/cmake)
[0.821s] -- Found nav_msgs: 4.2.4 (/opt/ros/humble/share/nav_msgs/cmake)
[0.833s] -- Found tf2_geometry_msgs: 0.25.9 (/opt/ros/humble/share/tf2_geometry_msgs/cmake)
[0.846s] -- Found eigen3_cmake_module: 0.1.1 (/opt/ros/humble/share/eigen3_cmake_module/cmake)
[0.847s] -- Found Eigen3: TRUE (found version "3.4.0") 
[0.847s] -- Ensuring Eigen3 include directory is part of orocos-kdl CMake target
[0.927s] -- Found ament_lint_auto: 0.12.11 (/opt/ros/humble/share/ament_lint_auto/cmake)
[0.990s] -- Added test 'copyright' to check source files copyright and LICENSE
[0.991s] -- Added test 'cppcheck' to perform static code analysis on C / C++ code
[0.991s] -- Configured cppcheck include dirs: /home/caesar/motion_planning_ws/src/hw_1/src/waypoint_generator/include
[0.991s] -- Configured cppcheck exclude dirs and/or files: 
[0.992s] -- Added test 'cpplint' to check C / C++ code against the Google style
[0.992s] -- Configured cpplint exclude dirs and/or files: 
[0.992s] -- Added test 'lint_cmake' to check CMake code style
[0.993s] -- Added test 'uncrustify' to check C / C++ code style
[0.993s] -- Configured uncrustify additional arguments: 
[0.994s] -- Added test 'xmllint' to check XML markup files
[0.995s] -- Configuring done
[1.001s] -- Generating done
[1.004s] -- Build files have been written to: /home/caesar/motion_planning_ws/src/hw_1/build/waypoint_generator
[1.011s] Invoked command in '/home/caesar/motion_planning_ws/src/hw_1/build/waypoint_generator' returned '0': CMAKE_PREFIX_PATH=${CMAKE_PREFIX_PATH}:/home/caesar/ros2_ws/install/winter2024:/home/caesar/rx150_ws/install/winter2024:/opt/ros/humble /usr/bin/cmake /home/caesar/motion_planning_ws/src/hw_1/src/waypoint_generator -DCMAKE_INSTALL_PREFIX=/home/caesar/motion_planning_ws/src/hw_1/install/waypoint_generator
[1.012s] Invoking command in '/home/caesar/motion_planning_ws/src/hw_1/build/waypoint_generator': CMAKE_PREFIX_PATH=${CMAKE_PREFIX_PATH}:/home/caesar/ros2_ws/install/winter2024:/home/caesar/rx150_ws/install/winter2024:/opt/ros/humble /usr/bin/cmake --build /home/caesar/motion_planning_ws/src/hw_1/build/waypoint_generator -- -j16 -l16
[1.051s] [ 33%] [32mBuilding CXX object CMakeFiles/waypoint_generator.dir/src/waypoint_generator.cpp.o[0m
[1.052s] [ 66%] [32mBuilding CXX object CMakeFiles/waypoint_generator.dir/src/main.cpp.o[0m
[9.169s] [100%] [32m[1mLinking CXX executable waypoint_generator[0m
[9.563s] [100%] Built target waypoint_generator
[9.571s] Invoked command in '/home/caesar/motion_planning_ws/src/hw_1/build/waypoint_generator' returned '0': CMAKE_PREFIX_PATH=${CMAKE_PREFIX_PATH}:/home/caesar/ros2_ws/install/winter2024:/home/caesar/rx150_ws/install/winter2024:/opt/ros/humble /usr/bin/cmake --build /home/caesar/motion_planning_ws/src/hw_1/build/waypoint_generator -- -j16 -l16
[9.572s] Invoking command in '/home/caesar/motion_planning_ws/src/hw_1/build/waypoint_generator': CMAKE_PREFIX_PATH=${CMAKE_PREFIX_PATH}:/home/caesar/ros2_ws/install/winter2024:/home/caesar/rx150_ws/install/winter2024:/opt/ros/humble /usr/bin/cmake --install /home/caesar/motion_planning_ws/src/hw_1/build/waypoint_generator
[9.578s] -- Install configuration: ""
[9.578s] -- Installing: /home/caesar/motion_planning_ws/src/hw_1/install/waypoint_generator/lib/waypoint_generator/waypoint_generator
[9.581s] -- Set runtime path of "/home/caesar/motion_planning_ws/src/hw_1/install/waypoint_generator/lib/waypoint_generator/waypoint_generator" to ""
[9.581s] -- Installing: /home/caesar/motion_planning_ws/src/hw_1/install/waypoint_generator/share/ament_index/resource_index/package_run_dependencies/waypoint_generator
[9.581s] -- Installing: /home/caesar/motion_planning_ws/src/hw_1/install/waypoint_generator/share/ament_index/resource_index/parent_prefix_path/waypoint_generator
[9.581s] -- Installing: /home/caesar/motion_planning_ws/src/hw_1/install/waypoint_generator/share/waypoint_generator/environment/ament_prefix_path.sh
[9.581s] -- Installing: /home/caesar/motion_planning_ws/src/hw_1/install/waypoint_generator/share/waypoint_generator/environment/ament_prefix_path.dsv
[9.581s] -- Installing: /home/caesar/motion_planning_ws/src/hw_1/install/waypoint_generator/share/waypoint_generator/environment/path.sh
[9.581s] -- Installing: /home/caesar/motion_planning_ws/src/hw_1/install/waypoint_generator/share/waypoint_generator/environment/path.dsv
[9.581s] -- Installing: /home/caesar/motion_planning_ws/src/hw_1/install/waypoint_generator/share/waypoint_generator/local_setup.bash
[9.581s] -- Installing: /home/caesar/motion_planning_ws/src/hw_1/install/waypoint_generator/share/waypoint_generator/local_setup.sh
[9.581s] -- Installing: /home/caesar/motion_planning_ws/src/hw_1/install/waypoint_generator/share/waypoint_generator/local_setup.zsh
[9.581s] -- Installing: /home/caesar/motion_planning_ws/src/hw_1/install/waypoint_generator/share/waypoint_generator/local_setup.dsv
[9.581s] -- Installing: /home/caesar/motion_planning_ws/src/hw_1/install/waypoint_generator/share/waypoint_generator/package.dsv
[9.581s] -- Installing: /home/caesar/motion_planning_ws/src/hw_1/install/waypoint_generator/share/ament_index/resource_index/packages/waypoint_generator
[9.582s] -- Installing: /home/caesar/motion_planning_ws/src/hw_1/install/waypoint_generator/share/waypoint_generator/cmake/waypoint_generatorConfig.cmake
[9.582s] -- Installing: /home/caesar/motion_planning_ws/src/hw_1/install/waypoint_generator/share/waypoint_generator/cmake/waypoint_generatorConfig-version.cmake
[9.582s] -- Installing: /home/caesar/motion_planning_ws/src/hw_1/install/waypoint_generator/share/waypoint_generator/package.xml
[9.583s] Invoked command in '/home/caesar/motion_planning_ws/src/hw_1/build/waypoint_generator' returned '0': CMAKE_PREFIX_PATH=${CMAKE_PREFIX_PATH}:/home/caesar/ros2_ws/install/winter2024:/home/caesar/rx150_ws/install/winter2024:/opt/ros/humble /usr/bin/cmake --install /home/caesar/motion_planning_ws/src/hw_1/build/waypoint_generator
