[0.014s] Invoking command in '/home/caesar/motion_planning_ws/src/hw_1/build/grid_path_searcher': CMAKE_PREFIX_PATH=${CMAKE_PREFIX_PATH}:/home/caesar/ros2_ws/install/winter2024:/home/caesar/rx150_ws/install/winter2024:/opt/ros/humble /usr/bin/cmake /home/caesar/motion_planning_ws/src/hw_1/src/grid_path_searcher -DCMAKE_INSTALL_PREFIX=/home/caesar/motion_planning_ws/src/hw_1/install/grid_path_searcher
[0.058s] -- The C compiler identification is GNU 11.4.0
[0.101s] -- The CXX compiler identification is GNU 11.4.0
[0.106s] -- Detecting C compiler ABI info
[0.159s] -- Detecting C compiler ABI info - done
[0.164s] -- Check for working C compiler: /usr/bin/cc - skipped
[0.164s] -- Detecting C compile features
[0.164s] -- Detecting C compile features - done
[0.166s] -- Detecting CXX compiler ABI info
[0.225s] -- Detecting CXX compiler ABI info - done
[0.231s] -- Check for working CXX compiler: /usr/bin/c++ - skipped
[0.231s] -- Detecting CXX compile features
[0.231s] -- Detecting CXX compile features - done
[0.234s] -- Found ament_cmake: 1.3.11 (/opt/ros/humble/share/ament_cmake/cmake)
[0.351s] -- Found Python3: /usr/bin/python3 (found version "3.10.12") found components: Interpreter 
[0.426s] -- Found rclcpp: 16.0.11 (/opt/ros/humble/share/rclcpp/cmake)
[0.463s] -- Found rosidl_generator_c: 3.1.6 (/opt/ros/humble/share/rosidl_generator_c/cmake)
[0.468s] -- Found rosidl_adapter: 3.1.6 (/opt/ros/humble/share/rosidl_adapter/cmake)
[0.475s] -- Found rosidl_generator_cpp: 3.1.6 (/opt/ros/humble/share/rosidl_generator_cpp/cmake)
[0.485s] -- Using all available rosidl_typesupport_c: rosidl_typesupport_fastrtps_c;rosidl_typesupport_introspection_c
[0.498s] -- Using all available rosidl_typesupport_cpp: rosidl_typesupport_fastrtps_cpp;rosidl_typesupport_introspection_cpp
[0.536s] -- Found rmw_implementation_cmake: 6.1.2 (/opt/ros/humble/share/rmw_implementation_cmake/cmake)
[0.538s] -- Found rmw_fastrtps_cpp: 6.2.7 (/opt/ros/humble/share/rmw_fastrtps_cpp/cmake)
[0.611s] -- Found OpenSSL: /usr/lib/x86_64-linux-gnu/libcrypto.so (found version "3.0.2")  
[0.631s] -- Found FastRTPS: /opt/ros/humble/include  
[0.663s] -- Using RMW implementation 'rmw_fastrtps_cpp' as default
[0.671s] -- Looking for pthread.h
[0.723s] -- Looking for pthread.h - found
[0.724s] -- Performing Test CMAKE_HAVE_LIBC_PTHREAD
[0.778s] -- Performing Test CMAKE_HAVE_LIBC_PTHREAD - Success
[0.778s] -- Found Threads: TRUE  
[0.816s] -- Found sensor_msgs: 4.2.4 (/opt/ros/humble/share/sensor_msgs/cmake)
[0.838s] -- Found nav_msgs: 4.2.4 (/opt/ros/humble/share/nav_msgs/cmake)
[0.850s] -- Found visualization_msgs: 4.2.4 (/opt/ros/humble/share/visualization_msgs/cmake)
[0.864s] -- Found pcl_conversions: 2.4.5 (/opt/ros/humble/share/pcl_conversions/cmake)
[0.894s] -- Checking for module 'eigen3'
[0.905s] --   Found eigen3, version 3.4.0
[0.934s] -- Found Eigen: /usr/include/eigen3 (Required is at least version "3.1") 
[0.934s] -- Eigen found (include: /usr/include/eigen3, version: 3.4.0)
[0.966s] -- Checking for module 'flann'
[0.979s] --   Found flann, version 1.9.1
[1.012s] -- Found FLANN: /usr/lib/x86_64-linux-gnu/libflann_cpp.so  
[1.012s] -- FLANN found (include: /usr/include, lib: /usr/lib/x86_64-linux-gnu/libflann_cpp.so)
[1.783s] -- Checking for module 'libusb-1.0'
[1.796s] --   Found libusb-1.0, version 1.0.25
[1.829s] -- Found libusb: /usr/lib/x86_64-linux-gnu/libusb-1.0.so  
[1.830s] -- OpenNI found (version: 1.5.4.0, include: /usr/include/ni, lib: /usr/lib/libOpenNI.so;libusb::libusb)
[1.887s] -- OpenNI2 found (version: 2.2.0.33, include: /usr/include/openni2, lib: /usr/lib/x86_64-linux-gnu/libOpenNI2.so;libusb::libusb)
[2.016s] -- Eigen found (include: /usr/include/eigen3, version: 3.4.0)
[2.023s] -- OpenNI found (version: 1.5.4.0, include: /usr/include/ni, lib: /usr/lib/libOpenNI.so;libusb::libusb)
[2.030s] -- OpenNI2 found (version: 2.2.0.33, include: /usr/include/openni2, lib: /usr/lib/x86_64-linux-gnu/libOpenNI2.so;libusb::libusb)
[2.178s] -- Found Qhull version 8.0.2
[2.363s] -- OpenNI found (version: 1.5.4.0, include: /usr/include/ni, lib: /usr/lib/libOpenNI.so;libusb::libusb)
[2.541s] -- Found PCL_COMMON: /usr/lib/x86_64-linux-gnu/libpcl_common.so  
[2.543s] -- Found PCL_KDTREE: /usr/lib/x86_64-linux-gnu/libpcl_kdtree.so  
[2.544s] -- Found PCL_OCTREE: /usr/lib/x86_64-linux-gnu/libpcl_octree.so  
[2.545s] -- Found PCL_SEARCH: /usr/lib/x86_64-linux-gnu/libpcl_search.so  
[2.546s] -- Found PCL_SAMPLE_CONSENSUS: /usr/lib/x86_64-linux-gnu/libpcl_sample_consensus.so  
[2.547s] -- Found PCL_FILTERS: /usr/lib/x86_64-linux-gnu/libpcl_filters.so  
[2.547s] -- Found PCL_2D: /usr/include/pcl-1.12  
[2.548s] -- Found PCL_GEOMETRY: /usr/include/pcl-1.12  
[2.549s] -- Found PCL_IO: /usr/lib/x86_64-linux-gnu/libpcl_io.so  
[2.550s] -- Found PCL_FEATURES: /usr/lib/x86_64-linux-gnu/libpcl_features.so  
[2.551s] -- Found PCL_ML: /usr/lib/x86_64-linux-gnu/libpcl_ml.so  
[2.552s] -- Found PCL_SEGMENTATION: /usr/lib/x86_64-linux-gnu/libpcl_segmentation.so  
[2.553s] -- Found PCL_VISUALIZATION: /usr/lib/x86_64-linux-gnu/libpcl_visualization.so  
[2.554s] -- Found PCL_SURFACE: /usr/lib/x86_64-linux-gnu/libpcl_surface.so  
[2.556s] -- Found PCL_REGISTRATION: /usr/lib/x86_64-linux-gnu/libpcl_registration.so  
[2.557s] -- Found PCL_KEYPOINTS: /usr/lib/x86_64-linux-gnu/libpcl_keypoints.so  
[2.558s] -- Found PCL_TRACKING: /usr/lib/x86_64-linux-gnu/libpcl_tracking.so  
[2.559s] -- Found PCL_RECOGNITION: /usr/lib/x86_64-linux-gnu/libpcl_recognition.so  
[2.560s] -- Found PCL_STEREO: /usr/lib/x86_64-linux-gnu/libpcl_stereo.so  
[2.561s] -- Found PCL_APPS: /usr/lib/x86_64-linux-gnu/libpcl_apps.so  
[2.562s] -- Found PCL_IN_HAND_SCANNER: /usr/include/pcl-1.12  
[2.563s] -- Found PCL_MODELER: /usr/include/pcl-1.12  
[2.563s] -- Found PCL_POINT_CLOUD_EDITOR: /usr/include/pcl-1.12  
[2.564s] -- Found PCL_OUTOFCORE: /usr/lib/x86_64-linux-gnu/libpcl_outofcore.so  
[2.565s] -- Found PCL_PEOPLE: /usr/lib/x86_64-linux-gnu/libpcl_people.so  
[2.571s] -- Found pcl_ros: 2.4.5 (/opt/ros/humble/share/pcl_ros/cmake)
[2.627s] -- Found eigen3_cmake_module: 0.1.1 (/opt/ros/humble/share/eigen3_cmake_module/cmake)
[2.629s] -- Found Eigen3: TRUE (found version "3.4.0") 
[2.629s] -- Ensuring Eigen3 include directory is part of orocos-kdl CMake target
[2.739s] -- Found ament_lint_auto: 0.12.11 (/opt/ros/humble/share/ament_lint_auto/cmake)
[2.805s] -- Added test 'copyright' to check source files copyright and LICENSE
[2.806s] -- Added test 'cppcheck' to perform static code analysis on C / C++ code
[2.807s] -- Configured cppcheck include dirs: /home/caesar/motion_planning_ws/src/hw_1/src/grid_path_searcher/include
[2.807s] -- Configured cppcheck exclude dirs and/or files: 
[2.807s] -- Added test 'cpplint' to check C / C++ code against the Google style
[2.807s] -- Configured cpplint exclude dirs and/or files: 
[2.808s] -- Added test 'flake8' to check Python code syntax and style conventions
[2.808s] -- Added test 'lint_cmake' to check CMake code style
[2.809s] -- Added test 'pep257' to check Python code against some of the docstring style conventions in PEP 257
[2.809s] -- Added test 'uncrustify' to check C / C++ code style
[2.810s] -- Configured uncrustify additional arguments: 
[2.810s] -- Added test 'xmllint' to check XML markup files
[2.811s] -- Configuring done
[2.853s] -- Generating done
[2.864s] -- Build files have been written to: /home/caesar/motion_planning_ws/src/hw_1/build/grid_path_searcher
[2.877s] Invoked command in '/home/caesar/motion_planning_ws/src/hw_1/build/grid_path_searcher' returned '0': CMAKE_PREFIX_PATH=${CMAKE_PREFIX_PATH}:/home/caesar/ros2_ws/install/winter2024:/home/caesar/rx150_ws/install/winter2024:/opt/ros/humble /usr/bin/cmake /home/caesar/motion_planning_ws/src/hw_1/src/grid_path_searcher -DCMAKE_INSTALL_PREFIX=/home/caesar/motion_planning_ws/src/hw_1/install/grid_path_searcher
[2.879s] Invoking command in '/home/caesar/motion_planning_ws/src/hw_1/build/grid_path_searcher': CMAKE_PREFIX_PATH=${CMAKE_PREFIX_PATH}:/home/caesar/ros2_ws/install/winter2024:/home/caesar/rx150_ws/install/winter2024:/opt/ros/humble /usr/bin/cmake --build /home/caesar/motion_planning_ws/src/hw_1/build/grid_path_searcher -- -j16 -l16
[2.930s] [ 33%] [32mBuilding CXX object CMakeFiles/random_complex.dir/src/random_complex_generator.cpp.o[0m
[2.930s] [ 33%] [32mBuilding CXX object CMakeFiles/demo_node.dir/src/demo_node.cpp.o[0m
[2.932s] [ 50%] [32mBuilding CXX object CMakeFiles/demo_node.dir/src/graph_searcher.cpp.o[0m
[2.933s] [ 66%] [32mBuilding CXX object CMakeFiles/demo_node.dir/src/demo_node_main.cpp.o[0m
[8.004s] [ 83%] [32m[1mLinking CXX executable random_complex[0m
[8.414s] [ 83%] Built target random_complex
[12.272s] [100%] [32m[1mLinking CXX executable demo_node[0m
[13.002s] [100%] Built target demo_node
[13.013s] Invoked command in '/home/caesar/motion_planning_ws/src/hw_1/build/grid_path_searcher' returned '0': CMAKE_PREFIX_PATH=${CMAKE_PREFIX_PATH}:/home/caesar/ros2_ws/install/winter2024:/home/caesar/rx150_ws/install/winter2024:/opt/ros/humble /usr/bin/cmake --build /home/caesar/motion_planning_ws/src/hw_1/build/grid_path_searcher -- -j16 -l16
[13.015s] Invoking command in '/home/caesar/motion_planning_ws/src/hw_1/build/grid_path_searcher': CMAKE_PREFIX_PATH=${CMAKE_PREFIX_PATH}:/home/caesar/ros2_ws/install/winter2024:/home/caesar/rx150_ws/install/winter2024:/opt/ros/humble /usr/bin/cmake --install /home/caesar/motion_planning_ws/src/hw_1/build/grid_path_searcher
[13.026s] -- Install configuration: ""
[13.026s] -- Installing: /home/caesar/motion_planning_ws/src/hw_1/install/grid_path_searcher/lib/grid_path_searcher/demo_node
[13.031s] -- Set runtime path of "/home/caesar/motion_planning_ws/src/hw_1/install/grid_path_searcher/lib/grid_path_searcher/demo_node" to ""
[13.031s] -- Installing: /home/caesar/motion_planning_ws/src/hw_1/install/grid_path_searcher/lib/grid_path_searcher/random_complex
[13.033s] -- Set runtime path of "/home/caesar/motion_planning_ws/src/hw_1/install/grid_path_searcher/lib/grid_path_searcher/random_complex" to ""
[13.033s] -- Installing: /home/caesar/motion_planning_ws/src/hw_1/install/grid_path_searcher/share/grid_path_searcher/launch
[13.033s] -- Installing: /home/caesar/motion_planning_ws/src/hw_1/install/grid_path_searcher/share/grid_path_searcher/launch/demo.rviz
[13.033s] -- Installing: /home/caesar/motion_planning_ws/src/hw_1/install/grid_path_searcher/share/grid_path_searcher/launch/demo.launch.py
[13.033s] -- Installing: /home/caesar/motion_planning_ws/src/hw_1/install/grid_path_searcher/share/ament_index/resource_index/package_run_dependencies/grid_path_searcher
[13.033s] -- Installing: /home/caesar/motion_planning_ws/src/hw_1/install/grid_path_searcher/share/ament_index/resource_index/parent_prefix_path/grid_path_searcher
[13.033s] -- Installing: /home/caesar/motion_planning_ws/src/hw_1/install/grid_path_searcher/share/grid_path_searcher/environment/ament_prefix_path.sh
[13.034s] -- Installing: /home/caesar/motion_planning_ws/src/hw_1/install/grid_path_searcher/share/grid_path_searcher/environment/ament_prefix_path.dsv
[13.034s] -- Installing: /home/caesar/motion_planning_ws/src/hw_1/install/grid_path_searcher/share/grid_path_searcher/environment/path.sh
[13.034s] -- Installing: /home/caesar/motion_planning_ws/src/hw_1/install/grid_path_searcher/share/grid_path_searcher/environment/path.dsv
[13.034s] -- Installing: /home/caesar/motion_planning_ws/src/hw_1/install/grid_path_searcher/share/grid_path_searcher/local_setup.bash
[13.034s] -- Installing: /home/caesar/motion_planning_ws/src/hw_1/install/grid_path_searcher/share/grid_path_searcher/local_setup.sh
[13.034s] -- Installing: /home/caesar/motion_planning_ws/src/hw_1/install/grid_path_searcher/share/grid_path_searcher/local_setup.zsh
[13.034s] -- Installing: /home/caesar/motion_planning_ws/src/hw_1/install/grid_path_searcher/share/grid_path_searcher/local_setup.dsv
[13.034s] -- Installing: /home/caesar/motion_planning_ws/src/hw_1/install/grid_path_searcher/share/grid_path_searcher/package.dsv
[13.034s] -- Installing: /home/caesar/motion_planning_ws/src/hw_1/install/grid_path_searcher/share/ament_index/resource_index/packages/grid_path_searcher
[13.035s] -- Installing: /home/caesar/motion_planning_ws/src/hw_1/install/grid_path_searcher/share/grid_path_searcher/cmake/grid_path_searcherConfig.cmake
[13.035s] -- Installing: /home/caesar/motion_planning_ws/src/hw_1/install/grid_path_searcher/share/grid_path_searcher/cmake/grid_path_searcherConfig-version.cmake
[13.035s] -- Installing: /home/caesar/motion_planning_ws/src/hw_1/install/grid_path_searcher/share/grid_path_searcher/package.xml
[13.038s] Invoked command in '/home/caesar/motion_planning_ws/src/hw_1/build/grid_path_searcher' returned '0': CMAKE_PREFIX_PATH=${CMAKE_PREFIX_PATH}:/home/caesar/ros2_ws/install/winter2024:/home/caesar/rx150_ws/install/winter2024:/opt/ros/humble /usr/bin/cmake --install /home/caesar/motion_planning_ws/src/hw_1/build/grid_path_searcher
